<?xml version="1.0" encoding="UTF-8"?>
<testng-results ignored="0" total="1" passed="1" failed="0" skipped="0">
  <reporter-output>
  </reporter-output>
  <suite started-at="2022-04-05T06:50:13Z" name="Default suite" finished-at="2022-04-05T06:50:15Z" duration-ms="1702">
    <groups>
    </groups>
    <test started-at="2022-04-05T06:50:13Z" name="Default test" finished-at="2022-04-05T06:50:15Z" duration-ms="1702">
      <class name="test.CreateNewUserTest">
        <test-method signature="createUserTest()[pri:0, instance:test.CreateNewUserTest@46271dd6]" started-at="2022-04-05T06:50:13Z" name="createUserTest" finished-at="2022-04-05T06:50:15Z" duration-ms="1685" status="PASS">
          <reporter-output>
          </reporter-output>
        </test-method> <!-- createUserTest -->
      </class> <!-- test.CreateNewUserTest -->
    </test> <!-- Default test -->
  </suite> <!-- Default suite -->
</testng-results>
